<?xml version="1.0" encoding="UTF-8" ?>
<testsuite errors="1" failures="0" hostname="Budnampets-MBP" name="com.flatironschool.javacs.JedisIndexTest" skipped="0" tests="1" time="546.343" timestamp="2016-08-05T03:10:08">
  <properties>
[...]
</properties>
  <testcase classname="com.flatironschool.javacs.JedisIndexTest" name="testGetCounts" time="545.919">
    <error message="java.net.SocketTimeoutException: Read timed out" type="redis.clients.jedis.exceptions.JedisConnectionException">redis.clients.jedis.exceptions.JedisConnectionException: java.net.SocketTimeoutException: Read timed out
	at redis.clients.util.RedisInputStream.ensureFill(RedisInputStream.java:201)
	at redis.clients.util.RedisInputStream.readLongCrLf(RedisInputStream.java:151)
	at redis.clients.jedis.Protocol.processInteger(Protocol.java:185)
	at redis.clients.jedis.Protocol.process(Protocol.java:149)
	at redis.clients.jedis.Protocol.processMultiBulkReply(Protocol.java:196)
	at redis.clients.jedis.Protocol.process(Protocol.java:147)
	at redis.clients.jedis.Protocol.read(Protocol.java:205)
	at redis.clients.jedis.Connection.readProtocolWithCheckingBroken(Connection.java:297)
	at redis.clients.jedis.Connection.getRawObjectMultiBulkReply(Connection.java:242)
	at redis.clients.jedis.Connection.getObjectMultiBulkReply(Connection.java:248)
	at redis.clients.jedis.Transaction.exec(Transaction.java:46)
	at com.flatironschool.javacs.JedisIndex.pushTermCounterToRedis(JedisIndex.java:93)
	at com.flatironschool.javacs.JedisIndex.indexPage(JedisIndex.java:200)
	at com.flatironschool.javacs.JedisIndexTest.loadIndex(JedisIndexTest.java:54)
	at com.flatironschool.javacs.JedisIndexTest.setUp(JedisIndexTest.java:40)
Caused by: java.net.SocketTimeoutException: Read timed out
	at java.net.SocketInputStream.socketRead0(Native Method)
	at java.net.SocketInputStream.socketRead(SocketInputStream.java:116)
	at java.net.SocketInputStream.read(SocketInputStream.java:170)
	at java.net.SocketInputStream.read(SocketInputStream.java:141)
	at java.net.SocketInputStream.read(SocketInputStream.java:127)
	at redis.clients.util.RedisInputStream.ensureFill(RedisInputStream.java:195)
</error>
  </testcase>
  <system-out><![CDATA[]]></system-out>
  <system-err><![CDATA[]]></system-err>
</testsuite>
